<?xml version="1.0" encoding="UTF-8"?>
<!-- Generated by org.testng.reporters.JUnitReportReporter -->
<testsuite hostname="hp" failures="0" tests="1" name="Academy.ValidateTitle" time="0.076" errors="0" timestamp="2021-03-28T13:09:14 IST" skipped="0">
  <testcase classname="Academy.ValidateTitle" name="basePageNavigation" time="0.076"/>
</testsuite> <!-- Academy.ValidateTitle -->
