<?xml version="1.0" encoding="UTF-8"?>
<!-- Generated by org.testng.reporters.JUnitReportReporter -->
<testsuite hostname="hp" failures="0" tests="1" name="Academy.ValidateTitle" time="0.060" errors="0" timestamp="6 Feb 2020 06:28:18 GMT">
  <testcase classname="Academy.ValidateTitle" name="basePageNavigation" time="0.060"/>
</testsuite> <!-- Academy.ValidateTitle -->
