<?xml version="1.0" encoding="UTF-8"?>
<!-- Generated by org.testng.reporters.JUnitReportReporter -->
<testsuite hostname="hp" failures="0" tests="2" name="Academy.HomePage" time="63.440" errors="0" timestamp="6 Feb 2020 06:28:18 GMT">
  <testcase classname="Academy.HomePage" name="basePageNavigation" time="35.339"/>
  <testcase classname="Academy.HomePage" name="basePageNavigation" time="28.101"/>
</testsuite> <!-- Academy.HomePage -->
