<?xml version="1.0" encoding="UTF-8"?>
<!-- Generated by org.testng.reporters.JUnitReportReporter -->
<testsuite hostname="hp" failures="0" tests="1" name="Academy.ValidateNavigationBar" time="0.451" errors="0" timestamp="6 Feb 2020 06:28:18 GMT">
  <testcase classname="Academy.ValidateNavigationBar" name="basePageNavigation" time="0.451"/>
</testsuite> <!-- Academy.ValidateNavigationBar -->
